#
# There is insufficient memory for the Java Runtime Environment to continue.
# Native memory allocation (mmap) failed to map 260046848 bytes. Error detail: G1 virtual space
# Possible reasons:
#   The system is out of physical RAM or swap space
#   This process is running with CompressedOops enabled, and the Java Heap may be blocking the growth of the native heap
# Possible solutions:
#   Reduce memory load on the system
#   Increase physical memory or swap space
#   Check if swap backing store is full
#   Decrease Java heap size (-Xmx/-Xms)
#   Decrease number of Java threads
#   Decrease Java thread stack sizes (-Xss)
#   Set larger code cache with -XX:ReservedCodeCacheSize=
#   JVM is running with Zero Based Compressed Oops mode in which the Java heap is
#     placed in the first 32GB address space. The Java Heap base address is the
#     maximum limit for the native heap growth. Please use -XX:HeapBaseMinAddress
#     to set the Java Heap base and to place the Java Heap above 32GB virtual address.
# This output file may be truncated or incomplete.
#
#  Out of Memory Error (os_windows.cpp:3554), pid=24692, tid=8468
#
# JRE version:  (25.0.1+8) (build )
# Java VM: OpenJDK 64-Bit Server VM (25.0.1+8-LTS, mixed mode, sharing, tiered, compressed oops, compressed class ptrs, g1 gc, windows-amd64)
# No core dump will be written. Minidumps are not enabled by default on client versions of Windows
#

---------------  S U M M A R Y ------------

Command Line: -Dfile.encoding=UTF-8 --module-path=C:\Users\USER\Desktop\UNT\INGENIER√çA DE SISTEMAS\CICLO 4\Estructura de Datos Orientados a Objetos\Estructura-de-Datos-Sem13-Resueltos\EjerciciosResueltos_SEM13\build\classes Ejercicio02.Ejercicio02

Host: AMD Ryzen 5 7530U with Radeon Graphics         , 12 cores, 15G,  Windows 11 , 64 bit Build 26100 (10.0.26100.7309)
Time: Sat Jan  3 21:27:39 2026 Hora est. PacÌfico, SudamÈrica elapsed time: 1.021632 seconds (0d 0h 0m 1s)

---------------  T H R E A D  ---------------

Current thread (0x0000027345f1ca70):  JavaThread "Unknown thread" [_thread_in_vm, id=8468, stack(0x0000008262200000,0x0000008262300000) (1024K)]

Stack: [0x0000008262200000,0x0000008262300000]
Native frames: (J=compiled Java code, j=interpreted, Vv=VM code, C=native code)
V  [jvm.dll+0x7a8379]  (no source info available)
V  [jvm.dll+0x7729fd]  (no source info available)
V  [jvm.dll+0x9f57b3]  (no source info available)
V  [jvm.dll+0x9f7da1]  (no source info available)
V  [jvm.dll+0x9f84a3]  (no source info available)
V  [jvm.dll+0x2fcd26]  (no source info available)
V  [jvm.dll+0x7a45a5]  (no source info available)
V  [jvm.dll+0x797a07]  (no source info available)
V  [jvm.dll+0x3f4cb8]  (no source info available)
V  [jvm.dll+0x3fcbf6]  (no source info available)
V  [jvm.dll+0x3e938e]  (no source info available)
V  [jvm.dll+0x3e9648]  (no source info available)
V  [jvm.dll+0x3c0b15]  (no source info available)
V  [jvm.dll+0x3c179e]  (no source info available)
V  [jvm.dll+0x9bbc74]  (no source info available)
V  [jvm.dll+0x459892]  (no source info available)
V  [jvm.dll+0x99faa2]  (no source info available)
V  [jvm.dll+0x4fa061]  (no source info available)
V  [jvm.dll+0x4fb951]  (no source info available)
C  [jli.dll+0x53fa]  (no source info available)
C  [ucrtbase.dll+0x37b0]  (no source info available)
C  [KERNEL32.DLL+0x2e8d7]  (no source info available)
C  [ntdll.dll+0x8c53c]  (no source info available)

Lock stack of current Java thread (top to bottom):


---------------  P R O C E S S  ---------------

Threads class SMR info:
_java_thread_list=0x00007ffb197bdf88, length=0, elements={
}

Java Threads: ( => current thread )
Total: 0

Other Threads:
  0x00000273484842f0 WorkerThread "GC Thread#0"                     [id=25204, stack(0x0000008262300000,0x0000008262400000) (1024K)]
  0x000002734849e430 ConcurrentGCThread "G1 Main Marker"            [id=2864, stack(0x0000008262400000,0x0000008262500000) (1024K)]
  0x000002734849fc20 WorkerThread "G1 Conc#0"                       [id=20788, stack(0x0000008262500000,0x0000008262600000) (1024K)]

[error occurred during error reporting (printing all threads), id 0xc0000005, EXCEPTION_ACCESS_VIOLATION (0xc0000005) at pc=0x00007ffb18de538a]
VM state: not at safepoint (not fully initialized)

VM Mutex/Monitor currently owned by a thread:  ([mutex/lock_event])
[0x00007ffb198464e8] Heap_lock - owner thread: 0x0000027345f1ca70

Heap address: 0x0000000709800000, size: 3944 MB, Compressed Oops mode: Zero based, Oop shift amount: 3

CDS archive(s) mapped at: [0x0000000000000000-0x0000000000000000-0x0000000000000000), size 0, SharedBaseAddress: 0x0000000800000000, ArchiveRelocationMode: 1.
UseCompressedClassPointers 1, UseCompactObjectHeaders 0
Narrow klass pointer bits 32, Max shift 3
Narrow klass base: 0xffffffffffffffff, Narrow klass shift: -1
Encoding Range: [0xffffffffffffffff - 0x000000007fffffff), (2147483648 bytes)
Klass Range:    [0x0000000000000000 - 0x0000000000000000), (0 bytes)
Klass ID Range:  [4294967295 - 0) (1)
No protection zone.

GC Precious Log:
 CardTable entry size: 512
 Card Set container configuration: InlinePtr #cards 4 size 8 Array Of Cards #cards 16 size 48 Howl #buckets 8 coarsen threshold 3686 Howl Bitmap #cards 512 size 80 coarsen threshold 460 Card regions per heap region 1 cards per card region 4096

Heap:
 garbage-first heap   total reserved 4038656K, committed 0K, used 0K [0x0000000709800000, 0x0000000800000000)
  region size 2048K, 0 young (0K), 0 survivors (0K)

Heap Regions: E=young(eden), S=young(survivor), O=old, HS=humongous(starts), HC=humongous(continues), CS=collection set, F=free, TAMS=top-at-mark-start, PB=parsable bottom

Card table byte_map: [0x0000027360c20000,0x00000273613e0000] _byte_map_base: 0x000002735d3d4000

Marking Bits: (CMBitMap*) 0x0000027348486890
 Bits: [0x00000273613e0000, 0x0000027365180000)

GC Heap Usage History (0 events):
No events

Metaspace Usage History (0 events):
No events

Dll operation events (1 events):
Event: 0.008 Loaded shared library C:\Program Files\Apache NetBeans\jdk\bin\java.dll

Deoptimization events (0 events):
No events

Classes loaded (0 events):
No events

Classes unloaded (0 events):
No events

Classes redefined (0 events):
No events

Internal exceptions (0 events):
No events

VM Operations (0 events):
No events

Memory protections (0 events):
No events

Nmethod flushes (0 events):
No events

Events (0 events):
No events


Dynamic libraries:
0x00007ff791fb0000 - 0x00007ff791fbe000 	C:\Program Files\Apache NetBeans\jdk\bin\java.exe
0x00007ffb834a0000 - 0x00007ffb83707000 	C:\WINDOWS\SYSTEM32\ntdll.dll
0x00007ffb82660000 - 0x00007ffb82729000 	C:\WINDOWS\System32\KERNEL32.DLL
0x00007ffb80e40000 - 0x00007ffb8122f000 	C:\WINDOWS\System32\KERNELBASE.dll
0x00007ffb80c60000 - 0x00007ffb80dab000 	C:\WINDOWS\System32\ucrtbase.dll
0x00007ffb7dcf0000 - 0x00007ffb7dd0e000 	C:\Program Files\Apache NetBeans\jdk\bin\VCRUNTIME140.dll
0x00007ffb72570000 - 0x00007ffb72586000 	C:\Program Files\Apache NetBeans\jdk\bin\jli.dll
0x00007ffb81240000 - 0x00007ffb81405000 	C:\WINDOWS\System32\USER32.dll
0x00007ffb6cba0000 - 0x00007ffb6ce33000 	C:\WINDOWS\WinSxS\amd64_microsoft.windows.common-controls_6595b64144ccf1df_6.0.26100.7309_none_3e05feeae336a044\COMCTL32.dll
0x00007ffb827b0000 - 0x00007ffb82859000 	C:\WINDOWS\System32\msvcrt.dll
0x00007ffb80b00000 - 0x00007ffb80b27000 	C:\WINDOWS\System32\win32u.dll
0x00007ffb831b0000 - 0x00007ffb831db000 	C:\WINDOWS\System32\GDI32.dll
0x00007ffb80b30000 - 0x00007ffb80c5c000 	C:\WINDOWS\System32\gdi32full.dll
0x00007ffb80760000 - 0x00007ffb80803000 	C:\WINDOWS\System32\msvcp_win.dll
0x00007ffb82480000 - 0x00007ffb824b1000 	C:\WINDOWS\System32\IMM32.DLL
0x00007ffb7e000000 - 0x00007ffb7e00c000 	C:\Program Files\Apache NetBeans\jdk\bin\vcruntime140_1.dll
0x00007ffb722d0000 - 0x00007ffb7235d000 	C:\Program Files\Apache NetBeans\jdk\bin\msvcp140.dll
0x00007ffb18a10000 - 0x00007ffb19936000 	C:\Program Files\Apache NetBeans\jdk\bin\server\jvm.dll
0x00007ffb83290000 - 0x00007ffb83344000 	C:\WINDOWS\System32\ADVAPI32.dll
0x00007ffb831e0000 - 0x00007ffb83286000 	C:\WINDOWS\System32\sechost.dll
0x00007ffb82d30000 - 0x00007ffb82e48000 	C:\WINDOWS\System32\RPCRT4.dll
0x00007ffb81960000 - 0x00007ffb819d4000 	C:\WINDOWS\System32\WS2_32.dll
0x00007ffb802a0000 - 0x00007ffb802fe000 	C:\WINDOWS\SYSTEM32\POWRPROF.dll
0x00007ffb78c70000 - 0x00007ffb78ca5000 	C:\WINDOWS\SYSTEM32\WINMM.dll
0x00007ffb793a0000 - 0x00007ffb793ab000 	C:\WINDOWS\SYSTEM32\VERSION.dll
0x00007ffb80280000 - 0x00007ffb80294000 	C:\WINDOWS\SYSTEM32\UMPDC.dll
0x00007ffb7f360000 - 0x00007ffb7f37b000 	C:\WINDOWS\SYSTEM32\kernel.appcore.dll
0x00007ffb7b310000 - 0x00007ffb7b31a000 	C:\Program Files\Apache NetBeans\jdk\bin\jimage.dll
0x00007ffb7dd70000 - 0x00007ffb7dfb2000 	C:\WINDOWS\SYSTEM32\DBGHELP.DLL
0x00007ffb82860000 - 0x00007ffb82be5000 	C:\WINDOWS\System32\combase.dll
0x00007ffb82e50000 - 0x00007ffb82f26000 	C:\WINDOWS\System32\OLEAUT32.dll
0x00007ffb6b980000 - 0x00007ffb6b9bc000 	C:\WINDOWS\SYSTEM32\dbgcore.DLL
0x00007ffb805f0000 - 0x00007ffb80695000 	C:\WINDOWS\System32\bcryptPrimitives.dll
0x00007ffb7d280000 - 0x00007ffb7d29e000 	C:\Program Files\Apache NetBeans\jdk\bin\java.dll
0x00007ffb824c0000 - 0x00007ffb82657000 	C:\WINDOWS\System32\ole32.dll
0x00007ffb81bd0000 - 0x00007ffb82323000 	C:\WINDOWS\System32\SHELL32.dll
0x00007ffb80810000 - 0x00007ffb8097a000 	C:\WINDOWS\System32\wintypes.dll

JVMTI agents: none

dbghelp: loaded successfully - version: 4.0.5 - missing functions: none
symbol engine: initialized successfully - sym options: 0x614 - pdb path: .;C:\Program Files\Apache NetBeans\jdk\bin;C:\WINDOWS\SYSTEM32;C:\WINDOWS\WinSxS\amd64_microsoft.windows.common-controls_6595b64144ccf1df_6.0.26100.7309_none_3e05feeae336a044;C:\Program Files\Apache NetBeans\jdk\bin\server

VM Arguments:
jvm_args: -Dfile.encoding=UTF-8 --module-path=C:\Users\USER\Desktop\UNT\INGENIER√çA DE SISTEMAS\CICLO 4\Estructura de Datos Orientados a Objetos\Estructura-de-Datos-Sem13-Resueltos\EjerciciosResueltos_SEM13\build\classes 
java_command: Ejercicio02.Ejercicio02
java_class_path (initial): C:\Users\USER\Desktop\UNT\INGENIER√çA DE SISTEMAS\CICLO 4\Estructura de Datos Orientados a Objetos\Estructura-de-Datos-Sem13-Resueltos\EjerciciosResueltos_SEM13\build\classes
Launcher Type: SUN_STANDARD

[Global flags]
     intx CICompilerCount                          = 4                                         {product} {ergonomic}
     uint ConcGCThreads                            = 3                                         {product} {ergonomic}
     uint G1ConcRefinementThreads                  = 10                                        {product} {ergonomic}
   size_t G1HeapRegionSize                         = 2097152                                   {product} {ergonomic}
   size_t InitialHeapSize                          = 260046848                                 {product} {ergonomic}
   size_t MarkStackSize                            = 4194304                                   {product} {ergonomic}
   size_t MarkStackSizeMax                         = 536870912                                 {product} {ergonomic}
   size_t MaxHeapSize                              = 4135583744                                {product} {ergonomic}
   size_t MinHeapDeltaBytes                        = 2097152                                   {product} {ergonomic}
   size_t MinHeapSize                              = 8388608                                   {product} {ergonomic}
    uintx NonNMethodCodeHeapSize                   = 5832704                                {pd product} {ergonomic}
    uintx NonProfiledCodeHeapSize                  = 122945536                              {pd product} {ergonomic}
    uintx ProfiledCodeHeapSize                     = 122880000                              {pd product} {ergonomic}
    uintx ReservedCodeCacheSize                    = 251658240                              {pd product} {ergonomic}
     bool SegmentedCodeCache                       = true                                      {product} {ergonomic}
   size_t SoftMaxHeapSize                          = 4135583744                             {manageable} {ergonomic}
     bool UseCompressedOops                        = true                           {product lp64_product} {ergonomic}
     bool UseG1GC                                  = true                                      {product} {ergonomic}
     bool UseLargePagesIndividualAllocation        = false                                  {pd product} {ergonomic}

Logging:
Log output configuration:
 #0: stdout all=warning uptime,level,tags foldmultilines=false
 #1: stderr all=off uptime,level,tags foldmultilines=false

Release file:
<release file has not been read>
Environment Variables:
PATH=C:\WINDOWS\system32;C:\WINDOWS;C:\WINDOWS\System32\Wbem;C:\WINDOWS\System32\WindowsPowerShell\v1.0\;C:\WINDOWS\System32\OpenSSH\;"C:\Program Files\Git\cmd\;C:\MinGW\bin;";C:\Program Files\nodejs\;C:\Program Files\Git\cmd;C:\xampp\php;C:\ProgramData\ComposerSetup\bin;C:\Program Files\cursor\resources\app\bin;C:\Program Files\Docker\Docker\resources\bin;C:\Program Files\nodejs\node.exe;C:\Users\USER\AppData\Roaming\npm;C:\Users\USER\AppData\Local\Microsoft\WindowsApps;C:\Users\USER\AppData\Local\Programs\Microsoft VS Code\bin;C:\sqlite3;C:\Users\USER\AppData\Roaming\Composer\vendor\bin;C:\Users\USER\AppData\Local\Programs\Antigravity\bin;C:\yt-dlp;
USERNAME=USER
OS=Windows_NT
PROCESSOR_IDENTIFIER=AMD64 Family 25 Model 80 Stepping 0, AuthenticAMD
TMP=C:\Users\USER\AppData\Local\Temp
TEMP=C:\Users\USER\AppData\Local\Temp




Compilation memory statistics disabled.

Periodic native trim disabled

---------------  S Y S T E M  ---------------

OS:
 Windows 11 , 64 bit Build 26100 (10.0.26100.7309)
OS uptime: 0 days 15:31 hours
Hyper-V role detected

CPU: total 12 (initial active 12) (12 cores per cpu, 2 threads per core) family 25 model 80 stepping 0 microcode 0xa50000d, cx8, cmov, fxsr, ht, mmx, 3dnowpref, sse, sse2, sse3, ssse3, sse4a, sse4.1, sse4.2, popcnt, lzcnt, tsc, tscinvbit, avx, avx2, aes, erms, clmul, bmi1, bmi2, adx, sha, fma, vzeroupper, clflush, clflushopt, clwb, hv, rdtscp, rdpid, fsrm, f16c, cet_ss
Processor Information for the first 12 processors :
  Max Mhz: 2000, Current Mhz: 2000, Mhz Limit: 2000

Memory: 4k page, system-wide physical 15773M (4492M free)
TotalPageFile size 64925M (AvailPageFile size 142M)
current process WorkingSet (physical memory assigned to process): 14M, peak: 14M
current process commit charge ("private bytes"): 65M, peak: 312M

vm_info: OpenJDK 64-Bit Server VM (25.0.1+8-LTS) for windows-amd64 JRE (25.0.1+8-LTS), built on 2025-10-21T00:00:00Z with unknown MS VC++:1942

END.
